2019-10-16 10:57:42.161 [ main ] - [ INFO  ] [ c.l.messagequeue.MessagequeueApplicationTests : 50 ] - Starting MessagequeueApplicationTests on DESKTOP-2TI3SF3 with PID 3016 (started by lzy in E:\workSpace-idea\messagequeue)
2019-10-16 10:57:42.180 [ main ] - [ DEBUG ] [ c.l.messagequeue.MessagequeueApplicationTests : 53 ] - Running with Spring Boot v2.1.3.RELEASE, Spring v5.1.5.RELEASE
2019-10-16 10:57:42.181 [ main ] - [ INFO  ] [ c.l.messagequeue.MessagequeueApplicationTests : 675 ] - No active profile set, falling back to default profiles: default
2019-10-16 10:57:45.438 [ main ] - [ WARN  ] [ org.mybatis.spring.mapper.ClassPathMapperScanner : 44 ] - No MyBatis mapper was found in '[com.lzycompany.messagequeue]' package. Please check your configuration.
2019-10-16 10:57:46.975 [ Thread-2 ] - [ INFO  ] [ c.l.m.server.consumer.KafkaConsumerRunner : 67 ] - =============启动了kafka消费线程=============
2019-10-16 10:57:46.975 [ main ] - [ INFO  ] [ c.l.m.server.consumer.impl.KafkaConsumerServer : 45 ] - ==================启动了kafka消费线程   111111  =============
2019-10-16 10:57:46.975 [ main ] - [ INFO  ] [ c.l.m.server.consumer.impl.KafkaConsumerServer : 45 ] - ==================启动了kafka消费线程   111111  =============
2019-10-16 10:57:46.978 [ Thread-3 ] - [ INFO  ] [ c.l.m.server.consumer.KafkaConsumerRunner : 67 ] - =============启动了kafka消费线程=============
2019-10-16 10:57:47.067 [ Thread-3 ] - [ INFO  ] [ org.apache.kafka.clients.consumer.ConsumerConfig : 279 ] - ConsumerConfig values: 
	auto.commit.interval.ms = 1000
	auto.offset.reset = latest
	bootstrap.servers = [192.168.186.129:9091, 192.168.186.129:9092, 192.168.186.129:9093]
	check.crcs = true
	client.id = 
	connections.max.idle.ms = 540000
	default.api.timeout.ms = 60000
	enable.auto.commit = true
	exclude.internal.topics = true
	fetch.max.bytes = 52428800
	fetch.max.wait.ms = 500
	fetch.min.bytes = 1
	group.id = test-consumer-group
	heartbeat.interval.ms = 3000
	interceptor.classes = []
	internal.leave.group.on.close = true
	isolation.level = read_uncommitted
	key.deserializer = class org.apache.kafka.common.serialization.StringDeserializer
	max.partition.fetch.bytes = 1048576
	max.poll.interval.ms = 300000
	max.poll.records = 500
	metadata.max.age.ms = 300000
	metric.reporters = []
	metrics.num.samples = 2
	metrics.recording.level = INFO
	metrics.sample.window.ms = 30000
	partition.assignment.strategy = [class org.apache.kafka.clients.consumer.RangeAssignor]
	receive.buffer.bytes = 65536
	reconnect.backoff.max.ms = 1000
	reconnect.backoff.ms = 50
	request.timeout.ms = 30000
	retry.backoff.ms = 100
	sasl.client.callback.handler.class = null
	sasl.jaas.config = null
	sasl.kerberos.kinit.cmd = /usr/bin/kinit
	sasl.kerberos.min.time.before.relogin = 60000
	sasl.kerberos.service.name = null
	sasl.kerberos.ticket.renew.jitter = 0.05
	sasl.kerberos.ticket.renew.window.factor = 0.8
	sasl.login.callback.handler.class = null
	sasl.login.class = null
	sasl.login.refresh.buffer.seconds = 300
	sasl.login.refresh.min.period.seconds = 60
	sasl.login.refresh.window.factor = 0.8
	sasl.login.refresh.window.jitter = 0.05
	sasl.mechanism = GSSAPI
	security.protocol = PLAINTEXT
	send.buffer.bytes = 131072
	session.timeout.ms = 10000
	ssl.cipher.suites = null
	ssl.enabled.protocols = [TLSv1.2, TLSv1.1, TLSv1]
	ssl.endpoint.identification.algorithm = https
	ssl.key.password = null
	ssl.keymanager.algorithm = SunX509
	ssl.keystore.location = null
	ssl.keystore.password = null
	ssl.keystore.type = JKS
	ssl.protocol = TLS
	ssl.provider = null
	ssl.secure.random.implementation = null
	ssl.trustmanager.algorithm = PKIX
	ssl.truststore.location = null
	ssl.truststore.password = null
	ssl.truststore.type = JKS
	value.deserializer = class org.apache.kafka.common.serialization.ByteArrayDeserializer

2019-10-16 10:57:47.073 [ main ] - [ INFO  ] [ org.apache.kafka.clients.producer.ProducerConfig : 279 ] - ProducerConfig values: 
	acks = all
	batch.size = 16384
	bootstrap.servers = [192.168.186.129:9091, 192.168.186.129:9092, 192.168.186.129:9093]
	buffer.memory = 33554432
	client.id = 
	compression.type = none
	connections.max.idle.ms = 540000
	enable.idempotence = false
	interceptor.classes = []
	key.serializer = class org.apache.kafka.common.serialization.StringSerializer
	linger.ms = 0
	max.block.ms = 60000
	max.in.flight.requests.per.connection = 5
	max.request.size = 1048576
	metadata.max.age.ms = 300000
	metric.reporters = []
	metrics.num.samples = 2
	metrics.recording.level = INFO
	metrics.sample.window.ms = 30000
	partitioner.class = class org.apache.kafka.clients.producer.internals.DefaultPartitioner
	receive.buffer.bytes = 32768
	reconnect.backoff.max.ms = 1000
	reconnect.backoff.ms = 50
	request.timeout.ms = 30000
	retries = 0
	retry.backoff.ms = 100
	sasl.client.callback.handler.class = null
	sasl.jaas.config = null
	sasl.kerberos.kinit.cmd = /usr/bin/kinit
	sasl.kerberos.min.time.before.relogin = 60000
	sasl.kerberos.service.name = null
	sasl.kerberos.ticket.renew.jitter = 0.05
	sasl.kerberos.ticket.renew.window.factor = 0.8
	sasl.login.callback.handler.class = null
	sasl.login.class = null
	sasl.login.refresh.buffer.seconds = 300
	sasl.login.refresh.min.period.seconds = 60
	sasl.login.refresh.window.factor = 0.8
	sasl.login.refresh.window.jitter = 0.05
	sasl.mechanism = GSSAPI
	security.protocol = PLAINTEXT
	send.buffer.bytes = 131072
	ssl.cipher.suites = null
	ssl.enabled.protocols = [TLSv1.2, TLSv1.1, TLSv1]
	ssl.endpoint.identification.algorithm = https
	ssl.key.password = null
	ssl.keymanager.algorithm = SunX509
	ssl.keystore.location = null
	ssl.keystore.password = null
	ssl.keystore.type = JKS
	ssl.protocol = TLS
	ssl.provider = null
	ssl.secure.random.implementation = null
	ssl.trustmanager.algorithm = PKIX
	ssl.truststore.location = null
	ssl.truststore.password = null
	ssl.truststore.type = JKS
	transaction.timeout.ms = 60000
	transactional.id = null
	value.serializer = class org.apache.kafka.common.serialization.ByteArraySerializer

2019-10-16 10:57:47.067 [ Thread-2 ] - [ INFO  ] [ org.apache.kafka.clients.consumer.ConsumerConfig : 279 ] - ConsumerConfig values: 
	auto.commit.interval.ms = 1000
	auto.offset.reset = latest
	bootstrap.servers = [192.168.186.129:9091, 192.168.186.129:9092, 192.168.186.129:9093]
	check.crcs = true
	client.id = 
	connections.max.idle.ms = 540000
	default.api.timeout.ms = 60000
	enable.auto.commit = true
	exclude.internal.topics = true
	fetch.max.bytes = 52428800
	fetch.max.wait.ms = 500
	fetch.min.bytes = 1
	group.id = test-consumer-group
	heartbeat.interval.ms = 3000
	interceptor.classes = []
	internal.leave.group.on.close = true
	isolation.level = read_uncommitted
	key.deserializer = class org.apache.kafka.common.serialization.StringDeserializer
	max.partition.fetch.bytes = 1048576
	max.poll.interval.ms = 300000
	max.poll.records = 500
	metadata.max.age.ms = 300000
	metric.reporters = []
	metrics.num.samples = 2
	metrics.recording.level = INFO
	metrics.sample.window.ms = 30000
	partition.assignment.strategy = [class org.apache.kafka.clients.consumer.RangeAssignor]
	receive.buffer.bytes = 65536
	reconnect.backoff.max.ms = 1000
	reconnect.backoff.ms = 50
	request.timeout.ms = 30000
	retry.backoff.ms = 100
	sasl.client.callback.handler.class = null
	sasl.jaas.config = null
	sasl.kerberos.kinit.cmd = /usr/bin/kinit
	sasl.kerberos.min.time.before.relogin = 60000
	sasl.kerberos.service.name = null
	sasl.kerberos.ticket.renew.jitter = 0.05
	sasl.kerberos.ticket.renew.window.factor = 0.8
	sasl.login.callback.handler.class = null
	sasl.login.class = null
	sasl.login.refresh.buffer.seconds = 300
	sasl.login.refresh.min.period.seconds = 60
	sasl.login.refresh.window.factor = 0.8
	sasl.login.refresh.window.jitter = 0.05
	sasl.mechanism = GSSAPI
	security.protocol = PLAINTEXT
	send.buffer.bytes = 131072
	session.timeout.ms = 10000
	ssl.cipher.suites = null
	ssl.enabled.protocols = [TLSv1.2, TLSv1.1, TLSv1]
	ssl.endpoint.identification.algorithm = https
	ssl.key.password = null
	ssl.keymanager.algorithm = SunX509
	ssl.keystore.location = null
	ssl.keystore.password = null
	ssl.keystore.type = JKS
	ssl.protocol = TLS
	ssl.provider = null
	ssl.secure.random.implementation = null
	ssl.trustmanager.algorithm = PKIX
	ssl.truststore.location = null
	ssl.truststore.password = null
	ssl.truststore.type = JKS
	value.deserializer = class org.apache.kafka.common.serialization.ByteArrayDeserializer

2019-10-16 10:57:47.694 [ main ] - [ INFO  ] [ org.apache.kafka.common.utils.AppInfoParser : 109 ] - Kafka version : 2.0.1
2019-10-16 10:57:47.694 [ main ] - [ INFO  ] [ org.apache.kafka.common.utils.AppInfoParser : 110 ] - Kafka commitId : fa14705e51bd2ce5
2019-10-16 10:57:47.730 [ Thread-3 ] - [ INFO  ] [ org.apache.kafka.common.utils.AppInfoParser : 109 ] - Kafka version : 2.0.1
2019-10-16 10:57:47.739 [ Thread-3 ] - [ INFO  ] [ org.apache.kafka.common.utils.AppInfoParser : 110 ] - Kafka commitId : fa14705e51bd2ce5
2019-10-16 10:57:47.742 [ Thread-2 ] - [ INFO  ] [ org.apache.kafka.common.utils.AppInfoParser : 109 ] - Kafka version : 2.0.1
2019-10-16 10:57:47.742 [ Thread-2 ] - [ INFO  ] [ org.apache.kafka.common.utils.AppInfoParser : 110 ] - Kafka commitId : fa14705e51bd2ce5
2019-10-16 10:57:47.963 [ Thread-2 ] - [ INFO  ] [ org.apache.kafka.clients.Metadata : 285 ] - Cluster ID: 1cwyAuFiR-eQNJVYs4J9Bw
2019-10-16 10:57:47.971 [ Thread-2 ] - [ INFO  ] [ o.a.k.c.consumer.internals.AbstractCoordinator : 677 ] - [Consumer clientId=consumer-2, groupId=test-consumer-group] Discovered group coordinator 192.168.186.129:9091 (id: 2147483646 rack: null)
2019-10-16 10:57:47.974 [ Thread-2 ] - [ INFO  ] [ o.a.k.c.consumer.internals.ConsumerCoordinator : 472 ] - [Consumer clientId=consumer-2, groupId=test-consumer-group] Revoking previously assigned partitions []
2019-10-16 10:57:47.974 [ Thread-2 ] - [ INFO  ] [ o.a.k.c.consumer.internals.AbstractCoordinator : 509 ] - [Consumer clientId=consumer-2, groupId=test-consumer-group] (Re-)joining group
2019-10-16 10:57:48.157 [ Thread-2 ] - [ INFO  ] [ o.a.k.c.consumer.internals.AbstractCoordinator : 473 ] - [Consumer clientId=consumer-2, groupId=test-consumer-group] Successfully joined group with generation 1
2019-10-16 10:57:48.160 [ Thread-2 ] - [ INFO  ] [ o.a.k.c.consumer.internals.ConsumerCoordinator : 280 ] - [Consumer clientId=consumer-2, groupId=test-consumer-group] Setting newly assigned partitions [test0-0]
2019-10-16 10:57:48.468 [ Thread-2 ] - [ INFO  ] [ o.apache.kafka.clients.consumer.internals.Fetcher : 601 ] - [Consumer clientId=consumer-2, groupId=test-consumer-group] Resetting offset for partition test0-0 to offset 0.
2019-10-16 10:57:48.884 [ Thread-3 ] - [ INFO  ] [ org.apache.kafka.clients.Metadata : 285 ] - Cluster ID: 1cwyAuFiR-eQNJVYs4J9Bw
2019-10-16 10:57:48.898 [ Thread-3 ] - [ INFO  ] [ o.a.k.c.consumer.internals.AbstractCoordinator : 677 ] - [Consumer clientId=consumer-1, groupId=test-consumer-group] Discovered group coordinator 192.168.186.129:9091 (id: 2147483646 rack: null)
2019-10-16 10:57:48.899 [ Thread-3 ] - [ INFO  ] [ o.a.k.c.consumer.internals.ConsumerCoordinator : 472 ] - [Consumer clientId=consumer-1, groupId=test-consumer-group] Revoking previously assigned partitions []
2019-10-16 10:57:48.899 [ Thread-3 ] - [ INFO  ] [ o.a.k.c.consumer.internals.AbstractCoordinator : 509 ] - [Consumer clientId=consumer-1, groupId=test-consumer-group] (Re-)joining group
2019-10-16 10:57:51.169 [ Thread-2 ] - [ INFO  ] [ o.a.k.c.consumer.internals.AbstractCoordinator : 855 ] - [Consumer clientId=consumer-2, groupId=test-consumer-group] Attempt to heartbeat failed since group is rebalancing
2019-10-16 10:57:51.178 [ Thread-2 ] - [ INFO  ] [ o.a.k.c.consumer.internals.ConsumerCoordinator : 472 ] - [Consumer clientId=consumer-2, groupId=test-consumer-group] Revoking previously assigned partitions [test0-0]
2019-10-16 10:57:51.180 [ Thread-2 ] - [ INFO  ] [ o.a.k.c.consumer.internals.AbstractCoordinator : 509 ] - [Consumer clientId=consumer-2, groupId=test-consumer-group] (Re-)joining group
2019-10-16 10:57:51.195 [ Thread-3 ] - [ INFO  ] [ o.a.k.c.consumer.internals.AbstractCoordinator : 473 ] - [Consumer clientId=consumer-1, groupId=test-consumer-group] Successfully joined group with generation 2
2019-10-16 10:57:51.196 [ Thread-3 ] - [ INFO  ] [ o.a.k.c.consumer.internals.ConsumerCoordinator : 280 ] - [Consumer clientId=consumer-1, groupId=test-consumer-group] Setting newly assigned partitions [test0-0]
2019-10-16 10:57:51.199 [ Thread-2 ] - [ INFO  ] [ o.a.k.c.consumer.internals.AbstractCoordinator : 473 ] - [Consumer clientId=consumer-2, groupId=test-consumer-group] Successfully joined group with generation 2
2019-10-16 10:57:51.200 [ Thread-2 ] - [ INFO  ] [ o.a.k.c.consumer.internals.ConsumerCoordinator : 280 ] - [Consumer clientId=consumer-2, groupId=test-consumer-group] Setting newly assigned partitions []
2019-10-16 10:57:51.734 [ main ] - [ INFO  ] [ c.l.messagequeue.MessagequeueApplicationTests : 59 ] - Started MessagequeueApplicationTests in 11.118 seconds (JVM running for 14.174)
2019-10-16 10:57:52.412 [ kafka-producer-network-thread | producer-1 ] - [ INFO  ] [ org.apache.kafka.clients.Metadata : 285 ] - Cluster ID: 1cwyAuFiR-eQNJVYs4J9Bw
