2019-04-25 15:41:43.449 [ main ] - [ INFO  ] [ com.lzycompany.messagequeue.Test : 50 ] - Starting Test on DESKTOP-2TI3SF3 with PID 15800 (started by lzy in E:\workSpace-idea\messagequeue)
2019-04-25 15:41:43.611 [ main ] - [ DEBUG ] [ com.lzycompany.messagequeue.Test : 53 ] - Running with Spring Boot v2.1.3.RELEASE, Spring v5.1.5.RELEASE
2019-04-25 15:41:43.611 [ main ] - [ INFO  ] [ com.lzycompany.messagequeue.Test : 675 ] - No active profile set, falling back to default profiles: default
2019-04-25 15:41:45.700 [ main ] - [ WARN  ] [ org.mybatis.spring.mapper.ClassPathMapperScanner : 44 ] - No MyBatis mapper was found in '[com.lzycompany.messagequeue]' package. Please check your configuration.
2019-04-25 15:41:47.270 [ main ] - [ INFO  ] [ c.l.m.server.consumer.impl.KafkaConsumerServer : 45 ] - ==================启动了kafka消费线程   111111  =============
2019-04-25 15:41:47.271 [ Thread-2 ] - [ INFO  ] [ c.l.m.server.consumer.KafkaConsumerRunner : 67 ] - =============启动了kafka消费线程=============
2019-04-25 15:41:47.271 [ main ] - [ INFO  ] [ c.l.m.server.consumer.impl.KafkaConsumerServer : 45 ] - ==================启动了kafka消费线程   111111  =============
2019-04-25 15:41:47.273 [ Thread-3 ] - [ INFO  ] [ c.l.m.server.consumer.KafkaConsumerRunner : 67 ] - =============启动了kafka消费线程=============
2019-04-25 15:41:47.397 [ Thread-2 ] - [ INFO  ] [ org.apache.kafka.clients.consumer.ConsumerConfig : 279 ] - ConsumerConfig values: 
	auto.commit.interval.ms = 1000
	auto.offset.reset = latest
	bootstrap.servers = [192.168.179.128:9092]
	check.crcs = true
	client.id = 
	connections.max.idle.ms = 540000
	default.api.timeout.ms = 60000
	enable.auto.commit = true
	exclude.internal.topics = true
	fetch.max.bytes = 52428800
	fetch.max.wait.ms = 500
	fetch.min.bytes = 1
	group.id = test-consumer-group
	heartbeat.interval.ms = 3000
	interceptor.classes = []
	internal.leave.group.on.close = true
	isolation.level = read_uncommitted
	key.deserializer = class org.apache.kafka.common.serialization.StringDeserializer
	max.partition.fetch.bytes = 1048576
	max.poll.interval.ms = 300000
	max.poll.records = 500
	metadata.max.age.ms = 300000
	metric.reporters = []
	metrics.num.samples = 2
	metrics.recording.level = INFO
	metrics.sample.window.ms = 30000
	partition.assignment.strategy = [class org.apache.kafka.clients.consumer.RangeAssignor]
	receive.buffer.bytes = 65536
	reconnect.backoff.max.ms = 1000
	reconnect.backoff.ms = 50
	request.timeout.ms = 30000
	retry.backoff.ms = 100
	sasl.client.callback.handler.class = null
	sasl.jaas.config = null
	sasl.kerberos.kinit.cmd = /usr/bin/kinit
	sasl.kerberos.min.time.before.relogin = 60000
	sasl.kerberos.service.name = null
	sasl.kerberos.ticket.renew.jitter = 0.05
	sasl.kerberos.ticket.renew.window.factor = 0.8
	sasl.login.callback.handler.class = null
	sasl.login.class = null
	sasl.login.refresh.buffer.seconds = 300
	sasl.login.refresh.min.period.seconds = 60
	sasl.login.refresh.window.factor = 0.8
	sasl.login.refresh.window.jitter = 0.05
	sasl.mechanism = GSSAPI
	security.protocol = PLAINTEXT
	send.buffer.bytes = 131072
	session.timeout.ms = 10000
	ssl.cipher.suites = null
	ssl.enabled.protocols = [TLSv1.2, TLSv1.1, TLSv1]
	ssl.endpoint.identification.algorithm = https
	ssl.key.password = null
	ssl.keymanager.algorithm = SunX509
	ssl.keystore.location = null
	ssl.keystore.password = null
	ssl.keystore.type = JKS
	ssl.protocol = TLS
	ssl.provider = null
	ssl.secure.random.implementation = null
	ssl.trustmanager.algorithm = PKIX
	ssl.truststore.location = null
	ssl.truststore.password = null
	ssl.truststore.type = JKS
	value.deserializer = class org.apache.kafka.common.serialization.ByteArrayDeserializer

2019-04-25 15:41:47.424 [ Thread-3 ] - [ INFO  ] [ org.apache.kafka.clients.consumer.ConsumerConfig : 279 ] - ConsumerConfig values: 
	auto.commit.interval.ms = 1000
	auto.offset.reset = latest
	bootstrap.servers = [192.168.179.128:9092]
	check.crcs = true
	client.id = 
	connections.max.idle.ms = 540000
	default.api.timeout.ms = 60000
	enable.auto.commit = true
	exclude.internal.topics = true
	fetch.max.bytes = 52428800
	fetch.max.wait.ms = 500
	fetch.min.bytes = 1
	group.id = test-consumer-group
	heartbeat.interval.ms = 3000
	interceptor.classes = []
	internal.leave.group.on.close = true
	isolation.level = read_uncommitted
	key.deserializer = class org.apache.kafka.common.serialization.StringDeserializer
	max.partition.fetch.bytes = 1048576
	max.poll.interval.ms = 300000
	max.poll.records = 500
	metadata.max.age.ms = 300000
	metric.reporters = []
	metrics.num.samples = 2
	metrics.recording.level = INFO
	metrics.sample.window.ms = 30000
	partition.assignment.strategy = [class org.apache.kafka.clients.consumer.RangeAssignor]
	receive.buffer.bytes = 65536
	reconnect.backoff.max.ms = 1000
	reconnect.backoff.ms = 50
	request.timeout.ms = 30000
	retry.backoff.ms = 100
	sasl.client.callback.handler.class = null
	sasl.jaas.config = null
	sasl.kerberos.kinit.cmd = /usr/bin/kinit
	sasl.kerberos.min.time.before.relogin = 60000
	sasl.kerberos.service.name = null
	sasl.kerberos.ticket.renew.jitter = 0.05
	sasl.kerberos.ticket.renew.window.factor = 0.8
	sasl.login.callback.handler.class = null
	sasl.login.class = null
	sasl.login.refresh.buffer.seconds = 300
	sasl.login.refresh.min.period.seconds = 60
	sasl.login.refresh.window.factor = 0.8
	sasl.login.refresh.window.jitter = 0.05
	sasl.mechanism = GSSAPI
	security.protocol = PLAINTEXT
	send.buffer.bytes = 131072
	session.timeout.ms = 10000
	ssl.cipher.suites = null
	ssl.enabled.protocols = [TLSv1.2, TLSv1.1, TLSv1]
	ssl.endpoint.identification.algorithm = https
	ssl.key.password = null
	ssl.keymanager.algorithm = SunX509
	ssl.keystore.location = null
	ssl.keystore.password = null
	ssl.keystore.type = JKS
	ssl.protocol = TLS
	ssl.provider = null
	ssl.secure.random.implementation = null
	ssl.trustmanager.algorithm = PKIX
	ssl.truststore.location = null
	ssl.truststore.password = null
	ssl.truststore.type = JKS
	value.deserializer = class org.apache.kafka.common.serialization.ByteArrayDeserializer

2019-04-25 15:41:47.434 [ main ] - [ INFO  ] [ org.apache.kafka.clients.producer.ProducerConfig : 279 ] - ProducerConfig values: 
	acks = all
	batch.size = 16384
	bootstrap.servers = [192.168.179.128:9092]
	buffer.memory = 33554432
	client.id = 
	compression.type = none
	connections.max.idle.ms = 540000
	enable.idempotence = false
	interceptor.classes = []
	key.serializer = class org.apache.kafka.common.serialization.StringSerializer
	linger.ms = 0
	max.block.ms = 60000
	max.in.flight.requests.per.connection = 5
	max.request.size = 1048576
	metadata.max.age.ms = 300000
	metric.reporters = []
	metrics.num.samples = 2
	metrics.recording.level = INFO
	metrics.sample.window.ms = 30000
	partitioner.class = class org.apache.kafka.clients.producer.internals.DefaultPartitioner
	receive.buffer.bytes = 32768
	reconnect.backoff.max.ms = 1000
	reconnect.backoff.ms = 50
	request.timeout.ms = 30000
	retries = 0
	retry.backoff.ms = 100
	sasl.client.callback.handler.class = null
	sasl.jaas.config = null
	sasl.kerberos.kinit.cmd = /usr/bin/kinit
	sasl.kerberos.min.time.before.relogin = 60000
	sasl.kerberos.service.name = null
	sasl.kerberos.ticket.renew.jitter = 0.05
	sasl.kerberos.ticket.renew.window.factor = 0.8
	sasl.login.callback.handler.class = null
	sasl.login.class = null
	sasl.login.refresh.buffer.seconds = 300
	sasl.login.refresh.min.period.seconds = 60
	sasl.login.refresh.window.factor = 0.8
	sasl.login.refresh.window.jitter = 0.05
	sasl.mechanism = GSSAPI
	security.protocol = PLAINTEXT
	send.buffer.bytes = 131072
	ssl.cipher.suites = null
	ssl.enabled.protocols = [TLSv1.2, TLSv1.1, TLSv1]
	ssl.endpoint.identification.algorithm = https
	ssl.key.password = null
	ssl.keymanager.algorithm = SunX509
	ssl.keystore.location = null
	ssl.keystore.password = null
	ssl.keystore.type = JKS
	ssl.protocol = TLS
	ssl.provider = null
	ssl.secure.random.implementation = null
	ssl.trustmanager.algorithm = PKIX
	ssl.truststore.location = null
	ssl.truststore.password = null
	ssl.truststore.type = JKS
	transaction.timeout.ms = 60000
	transactional.id = null
	value.serializer = class org.apache.kafka.common.serialization.ByteArraySerializer

2019-04-25 15:41:47.878 [ Thread-2 ] - [ INFO  ] [ org.apache.kafka.common.utils.AppInfoParser : 109 ] - Kafka version : 2.0.1
2019-04-25 15:41:47.879 [ Thread-2 ] - [ INFO  ] [ org.apache.kafka.common.utils.AppInfoParser : 110 ] - Kafka commitId : fa14705e51bd2ce5
2019-04-25 15:41:47.916 [ Thread-3 ] - [ INFO  ] [ org.apache.kafka.common.utils.AppInfoParser : 109 ] - Kafka version : 2.0.1
2019-04-25 15:41:47.948 [ Thread-3 ] - [ INFO  ] [ org.apache.kafka.common.utils.AppInfoParser : 110 ] - Kafka commitId : fa14705e51bd2ce5
2019-04-25 15:41:47.955 [ main ] - [ INFO  ] [ org.apache.kafka.common.utils.AppInfoParser : 109 ] - Kafka version : 2.0.1
2019-04-25 15:41:47.955 [ main ] - [ INFO  ] [ org.apache.kafka.common.utils.AppInfoParser : 110 ] - Kafka commitId : fa14705e51bd2ce5
2019-04-25 15:41:54.426 [ main ] - [ INFO  ] [ com.lzycompany.messagequeue.Test : 59 ] - Started Test in 12.426 seconds (JVM running for 16.566)
2019-04-25 15:42:13.374 [ Thread-3 ] - [ INFO  ] [ org.apache.kafka.clients.Metadata : 285 ] - Cluster ID: 8O15UtmQSTqfX8_pKKppsg
2019-04-25 15:42:13.373 [ Thread-2 ] - [ INFO  ] [ org.apache.kafka.clients.Metadata : 285 ] - Cluster ID: 8O15UtmQSTqfX8_pKKppsg
2019-04-25 15:42:13.426 [ Thread-3 ] - [ INFO  ] [ o.a.k.c.consumer.internals.AbstractCoordinator : 677 ] - [Consumer clientId=consumer-2, groupId=test-consumer-group] Discovered group coordinator 192.168.179.128:9092 (id: 2147483647 rack: null)
2019-04-25 15:42:13.426 [ Thread-2 ] - [ INFO  ] [ o.a.k.c.consumer.internals.AbstractCoordinator : 677 ] - [Consumer clientId=consumer-1, groupId=test-consumer-group] Discovered group coordinator 192.168.179.128:9092 (id: 2147483647 rack: null)
2019-04-25 15:42:13.429 [ Thread-3 ] - [ INFO  ] [ o.a.k.c.consumer.internals.ConsumerCoordinator : 472 ] - [Consumer clientId=consumer-2, groupId=test-consumer-group] Revoking previously assigned partitions []
2019-04-25 15:42:13.429 [ Thread-2 ] - [ INFO  ] [ o.a.k.c.consumer.internals.ConsumerCoordinator : 472 ] - [Consumer clientId=consumer-1, groupId=test-consumer-group] Revoking previously assigned partitions []
2019-04-25 15:42:13.429 [ Thread-2 ] - [ INFO  ] [ o.a.k.c.consumer.internals.AbstractCoordinator : 509 ] - [Consumer clientId=consumer-1, groupId=test-consumer-group] (Re-)joining group
2019-04-25 15:42:13.429 [ Thread-3 ] - [ INFO  ] [ o.a.k.c.consumer.internals.AbstractCoordinator : 509 ] - [Consumer clientId=consumer-2, groupId=test-consumer-group] (Re-)joining group
2019-04-25 15:44:26.133 [ main ] - [ INFO  ] [ com.lzycompany.messagequeue.Test : 50 ] - Starting Test on DESKTOP-2TI3SF3 with PID 1708 (started by lzy in E:\workSpace-idea\messagequeue)
2019-04-25 15:44:26.134 [ main ] - [ DEBUG ] [ com.lzycompany.messagequeue.Test : 53 ] - Running with Spring Boot v2.1.3.RELEASE, Spring v5.1.5.RELEASE
2019-04-25 15:44:26.136 [ main ] - [ INFO  ] [ com.lzycompany.messagequeue.Test : 675 ] - No active profile set, falling back to default profiles: default
2019-04-25 15:44:27.810 [ main ] - [ WARN  ] [ org.mybatis.spring.mapper.ClassPathMapperScanner : 44 ] - No MyBatis mapper was found in '[com.lzycompany.messagequeue]' package. Please check your configuration.
2019-04-25 15:44:28.655 [ Thread-2 ] - [ INFO  ] [ c.l.m.server.consumer.KafkaConsumerRunner : 67 ] - =============启动了kafka消费线程=============
2019-04-25 15:44:28.655 [ main ] - [ INFO  ] [ c.l.m.server.consumer.impl.KafkaConsumerServer : 45 ] - ==================启动了kafka消费线程   111111  =============
2019-04-25 15:44:28.657 [ main ] - [ INFO  ] [ c.l.m.server.consumer.impl.KafkaConsumerServer : 45 ] - ==================启动了kafka消费线程   111111  =============
2019-04-25 15:44:28.658 [ Thread-3 ] - [ INFO  ] [ c.l.m.server.consumer.KafkaConsumerRunner : 67 ] - =============启动了kafka消费线程=============
2019-04-25 15:44:28.736 [ Thread-3 ] - [ INFO  ] [ org.apache.kafka.clients.consumer.ConsumerConfig : 279 ] - ConsumerConfig values: 
	auto.commit.interval.ms = 1000
	auto.offset.reset = latest
	bootstrap.servers = [192.168.179.128:9092]
	check.crcs = true
	client.id = 
	connections.max.idle.ms = 540000
	default.api.timeout.ms = 60000
	enable.auto.commit = true
	exclude.internal.topics = true
	fetch.max.bytes = 52428800
	fetch.max.wait.ms = 500
	fetch.min.bytes = 1
	group.id = test-consumer-group
	heartbeat.interval.ms = 3000
	interceptor.classes = []
	internal.leave.group.on.close = true
	isolation.level = read_uncommitted
	key.deserializer = class org.apache.kafka.common.serialization.StringDeserializer
	max.partition.fetch.bytes = 1048576
	max.poll.interval.ms = 300000
	max.poll.records = 500
	metadata.max.age.ms = 300000
	metric.reporters = []
	metrics.num.samples = 2
	metrics.recording.level = INFO
	metrics.sample.window.ms = 30000
	partition.assignment.strategy = [class org.apache.kafka.clients.consumer.RangeAssignor]
	receive.buffer.bytes = 65536
	reconnect.backoff.max.ms = 1000
	reconnect.backoff.ms = 50
	request.timeout.ms = 30000
	retry.backoff.ms = 100
	sasl.client.callback.handler.class = null
	sasl.jaas.config = null
	sasl.kerberos.kinit.cmd = /usr/bin/kinit
	sasl.kerberos.min.time.before.relogin = 60000
	sasl.kerberos.service.name = null
	sasl.kerberos.ticket.renew.jitter = 0.05
	sasl.kerberos.ticket.renew.window.factor = 0.8
	sasl.login.callback.handler.class = null
	sasl.login.class = null
	sasl.login.refresh.buffer.seconds = 300
	sasl.login.refresh.min.period.seconds = 60
	sasl.login.refresh.window.factor = 0.8
	sasl.login.refresh.window.jitter = 0.05
	sasl.mechanism = GSSAPI
	security.protocol = PLAINTEXT
	send.buffer.bytes = 131072
	session.timeout.ms = 10000
	ssl.cipher.suites = null
	ssl.enabled.protocols = [TLSv1.2, TLSv1.1, TLSv1]
	ssl.endpoint.identification.algorithm = https
	ssl.key.password = null
	ssl.keymanager.algorithm = SunX509
	ssl.keystore.location = null
	ssl.keystore.password = null
	ssl.keystore.type = JKS
	ssl.protocol = TLS
	ssl.provider = null
	ssl.secure.random.implementation = null
	ssl.trustmanager.algorithm = PKIX
	ssl.truststore.location = null
	ssl.truststore.password = null
	ssl.truststore.type = JKS
	value.deserializer = class org.apache.kafka.common.serialization.ByteArrayDeserializer

2019-04-25 15:44:28.736 [ main ] - [ INFO  ] [ org.apache.kafka.clients.producer.ProducerConfig : 279 ] - ProducerConfig values: 
	acks = all
	batch.size = 16384
	bootstrap.servers = [192.168.179.128:9092]
	buffer.memory = 33554432
	client.id = 
	compression.type = none
	connections.max.idle.ms = 540000
	enable.idempotence = false
	interceptor.classes = []
	key.serializer = class org.apache.kafka.common.serialization.StringSerializer
	linger.ms = 0
	max.block.ms = 60000
	max.in.flight.requests.per.connection = 5
	max.request.size = 1048576
	metadata.max.age.ms = 300000
	metric.reporters = []
	metrics.num.samples = 2
	metrics.recording.level = INFO
	metrics.sample.window.ms = 30000
	partitioner.class = class org.apache.kafka.clients.producer.internals.DefaultPartitioner
	receive.buffer.bytes = 32768
	reconnect.backoff.max.ms = 1000
	reconnect.backoff.ms = 50
	request.timeout.ms = 30000
	retries = 0
	retry.backoff.ms = 100
	sasl.client.callback.handler.class = null
	sasl.jaas.config = null
	sasl.kerberos.kinit.cmd = /usr/bin/kinit
	sasl.kerberos.min.time.before.relogin = 60000
	sasl.kerberos.service.name = null
	sasl.kerberos.ticket.renew.jitter = 0.05
	sasl.kerberos.ticket.renew.window.factor = 0.8
	sasl.login.callback.handler.class = null
	sasl.login.class = null
	sasl.login.refresh.buffer.seconds = 300
	sasl.login.refresh.min.period.seconds = 60
	sasl.login.refresh.window.factor = 0.8
	sasl.login.refresh.window.jitter = 0.05
	sasl.mechanism = GSSAPI
	security.protocol = PLAINTEXT
	send.buffer.bytes = 131072
	ssl.cipher.suites = null
	ssl.enabled.protocols = [TLSv1.2, TLSv1.1, TLSv1]
	ssl.endpoint.identification.algorithm = https
	ssl.key.password = null
	ssl.keymanager.algorithm = SunX509
	ssl.keystore.location = null
	ssl.keystore.password = null
	ssl.keystore.type = JKS
	ssl.protocol = TLS
	ssl.provider = null
	ssl.secure.random.implementation = null
	ssl.trustmanager.algorithm = PKIX
	ssl.truststore.location = null
	ssl.truststore.password = null
	ssl.truststore.type = JKS
	transaction.timeout.ms = 60000
	transactional.id = null
	value.serializer = class org.apache.kafka.common.serialization.ByteArraySerializer

2019-04-25 15:44:28.739 [ Thread-2 ] - [ INFO  ] [ org.apache.kafka.clients.consumer.ConsumerConfig : 279 ] - ConsumerConfig values: 
	auto.commit.interval.ms = 1000
	auto.offset.reset = latest
	bootstrap.servers = [192.168.179.128:9092]
	check.crcs = true
	client.id = 
	connections.max.idle.ms = 540000
	default.api.timeout.ms = 60000
	enable.auto.commit = true
	exclude.internal.topics = true
	fetch.max.bytes = 52428800
	fetch.max.wait.ms = 500
	fetch.min.bytes = 1
	group.id = test-consumer-group
	heartbeat.interval.ms = 3000
	interceptor.classes = []
	internal.leave.group.on.close = true
	isolation.level = read_uncommitted
	key.deserializer = class org.apache.kafka.common.serialization.StringDeserializer
	max.partition.fetch.bytes = 1048576
	max.poll.interval.ms = 300000
	max.poll.records = 500
	metadata.max.age.ms = 300000
	metric.reporters = []
	metrics.num.samples = 2
	metrics.recording.level = INFO
	metrics.sample.window.ms = 30000
	partition.assignment.strategy = [class org.apache.kafka.clients.consumer.RangeAssignor]
	receive.buffer.bytes = 65536
	reconnect.backoff.max.ms = 1000
	reconnect.backoff.ms = 50
	request.timeout.ms = 30000
	retry.backoff.ms = 100
	sasl.client.callback.handler.class = null
	sasl.jaas.config = null
	sasl.kerberos.kinit.cmd = /usr/bin/kinit
	sasl.kerberos.min.time.before.relogin = 60000
	sasl.kerberos.service.name = null
	sasl.kerberos.ticket.renew.jitter = 0.05
	sasl.kerberos.ticket.renew.window.factor = 0.8
	sasl.login.callback.handler.class = null
	sasl.login.class = null
	sasl.login.refresh.buffer.seconds = 300
	sasl.login.refresh.min.period.seconds = 60
	sasl.login.refresh.window.factor = 0.8
	sasl.login.refresh.window.jitter = 0.05
	sasl.mechanism = GSSAPI
	security.protocol = PLAINTEXT
	send.buffer.bytes = 131072
	session.timeout.ms = 10000
	ssl.cipher.suites = null
	ssl.enabled.protocols = [TLSv1.2, TLSv1.1, TLSv1]
	ssl.endpoint.identification.algorithm = https
	ssl.key.password = null
	ssl.keymanager.algorithm = SunX509
	ssl.keystore.location = null
	ssl.keystore.password = null
	ssl.keystore.type = JKS
	ssl.protocol = TLS
	ssl.provider = null
	ssl.secure.random.implementation = null
	ssl.trustmanager.algorithm = PKIX
	ssl.truststore.location = null
	ssl.truststore.password = null
	ssl.truststore.type = JKS
	value.deserializer = class org.apache.kafka.common.serialization.ByteArrayDeserializer

2019-04-25 15:44:29.062 [ main ] - [ INFO  ] [ org.apache.kafka.common.utils.AppInfoParser : 109 ] - Kafka version : 2.0.1
2019-04-25 15:44:29.063 [ main ] - [ INFO  ] [ org.apache.kafka.common.utils.AppInfoParser : 110 ] - Kafka commitId : fa14705e51bd2ce5
2019-04-25 15:44:29.086 [ Thread-2 ] - [ INFO  ] [ org.apache.kafka.common.utils.AppInfoParser : 109 ] - Kafka version : 2.0.1
2019-04-25 15:44:29.088 [ Thread-2 ] - [ INFO  ] [ org.apache.kafka.common.utils.AppInfoParser : 110 ] - Kafka commitId : fa14705e51bd2ce5
2019-04-25 15:44:29.093 [ Thread-3 ] - [ INFO  ] [ org.apache.kafka.common.utils.AppInfoParser : 109 ] - Kafka version : 2.0.1
2019-04-25 15:44:29.094 [ Thread-3 ] - [ INFO  ] [ org.apache.kafka.common.utils.AppInfoParser : 110 ] - Kafka commitId : fa14705e51bd2ce5
2019-04-25 15:44:29.240 [ Thread-3 ] - [ INFO  ] [ org.apache.kafka.clients.Metadata : 285 ] - Cluster ID: 8O15UtmQSTqfX8_pKKppsg
2019-04-25 15:44:29.240 [ Thread-2 ] - [ INFO  ] [ org.apache.kafka.clients.Metadata : 285 ] - Cluster ID: 8O15UtmQSTqfX8_pKKppsg
2019-04-25 15:44:29.243 [ Thread-2 ] - [ INFO  ] [ o.a.k.c.consumer.internals.AbstractCoordinator : 677 ] - [Consumer clientId=consumer-2, groupId=test-consumer-group] Discovered group coordinator 192.168.179.128:9092 (id: 2147483647 rack: null)
2019-04-25 15:44:29.245 [ Thread-2 ] - [ INFO  ] [ o.a.k.c.consumer.internals.ConsumerCoordinator : 472 ] - [Consumer clientId=consumer-2, groupId=test-consumer-group] Revoking previously assigned partitions []
2019-04-25 15:44:29.246 [ Thread-2 ] - [ INFO  ] [ o.a.k.c.consumer.internals.AbstractCoordinator : 509 ] - [Consumer clientId=consumer-2, groupId=test-consumer-group] (Re-)joining group
2019-04-25 15:44:29.246 [ Thread-3 ] - [ INFO  ] [ o.a.k.c.consumer.internals.AbstractCoordinator : 677 ] - [Consumer clientId=consumer-1, groupId=test-consumer-group] Discovered group coordinator 192.168.179.128:9092 (id: 2147483647 rack: null)
2019-04-25 15:44:29.247 [ Thread-3 ] - [ INFO  ] [ o.a.k.c.consumer.internals.ConsumerCoordinator : 472 ] - [Consumer clientId=consumer-1, groupId=test-consumer-group] Revoking previously assigned partitions []
2019-04-25 15:44:29.247 [ Thread-3 ] - [ INFO  ] [ o.a.k.c.consumer.internals.AbstractCoordinator : 509 ] - [Consumer clientId=consumer-1, groupId=test-consumer-group] (Re-)joining group
2019-04-25 15:44:29.292 [ Thread-2 ] - [ INFO  ] [ o.a.k.c.consumer.internals.AbstractCoordinator : 473 ] - [Consumer clientId=consumer-2, groupId=test-consumer-group] Successfully joined group with generation 549
2019-04-25 15:44:29.294 [ Thread-2 ] - [ INFO  ] [ o.a.k.c.consumer.internals.ConsumerCoordinator : 280 ] - [Consumer clientId=consumer-2, groupId=test-consumer-group] Setting newly assigned partitions [test0-0]
2019-04-25 15:44:31.557 [ main ] - [ INFO  ] [ com.lzycompany.messagequeue.Test : 59 ] - Started Test in 6.382 seconds (JVM running for 7.766)
2019-04-25 15:44:43.184 [ main ] - [ INFO  ] [ com.lzycompany.messagequeue.Test : 50 ] - Starting Test on DESKTOP-2TI3SF3 with PID 1628 (started by lzy in E:\workSpace-idea\messagequeue)
2019-04-25 15:44:43.186 [ main ] - [ DEBUG ] [ com.lzycompany.messagequeue.Test : 53 ] - Running with Spring Boot v2.1.3.RELEASE, Spring v5.1.5.RELEASE
2019-04-25 15:44:43.186 [ main ] - [ INFO  ] [ com.lzycompany.messagequeue.Test : 675 ] - No active profile set, falling back to default profiles: default
2019-04-25 15:44:44.612 [ main ] - [ WARN  ] [ org.mybatis.spring.mapper.ClassPathMapperScanner : 44 ] - No MyBatis mapper was found in '[com.lzycompany.messagequeue]' package. Please check your configuration.
2019-04-25 15:44:45.422 [ Thread-2 ] - [ INFO  ] [ c.l.m.server.consumer.KafkaConsumerRunner : 67 ] - =============启动了kafka消费线程=============
2019-04-25 15:44:45.422 [ main ] - [ INFO  ] [ c.l.m.server.consumer.impl.KafkaConsumerServer : 45 ] - ==================启动了kafka消费线程   111111  =============
2019-04-25 15:44:45.423 [ main ] - [ INFO  ] [ c.l.m.server.consumer.impl.KafkaConsumerServer : 45 ] - ==================启动了kafka消费线程   111111  =============
2019-04-25 15:44:45.425 [ Thread-3 ] - [ INFO  ] [ c.l.m.server.consumer.KafkaConsumerRunner : 67 ] - =============启动了kafka消费线程=============
2019-04-25 15:44:45.493 [ Thread-2 ] - [ INFO  ] [ org.apache.kafka.clients.consumer.ConsumerConfig : 279 ] - ConsumerConfig values: 
	auto.commit.interval.ms = 1000
	auto.offset.reset = latest
	bootstrap.servers = [192.168.179.128:9092]
	check.crcs = true
	client.id = 
	connections.max.idle.ms = 540000
	default.api.timeout.ms = 60000
	enable.auto.commit = true
	exclude.internal.topics = true
	fetch.max.bytes = 52428800
	fetch.max.wait.ms = 500
	fetch.min.bytes = 1
	group.id = test-consumer-group
	heartbeat.interval.ms = 3000
	interceptor.classes = []
	internal.leave.group.on.close = true
	isolation.level = read_uncommitted
	key.deserializer = class org.apache.kafka.common.serialization.StringDeserializer
	max.partition.fetch.bytes = 1048576
	max.poll.interval.ms = 300000
	max.poll.records = 500
	metadata.max.age.ms = 300000
	metric.reporters = []
	metrics.num.samples = 2
	metrics.recording.level = INFO
	metrics.sample.window.ms = 30000
	partition.assignment.strategy = [class org.apache.kafka.clients.consumer.RangeAssignor]
	receive.buffer.bytes = 65536
	reconnect.backoff.max.ms = 1000
	reconnect.backoff.ms = 50
	request.timeout.ms = 30000
	retry.backoff.ms = 100
	sasl.client.callback.handler.class = null
	sasl.jaas.config = null
	sasl.kerberos.kinit.cmd = /usr/bin/kinit
	sasl.kerberos.min.time.before.relogin = 60000
	sasl.kerberos.service.name = null
	sasl.kerberos.ticket.renew.jitter = 0.05
	sasl.kerberos.ticket.renew.window.factor = 0.8
	sasl.login.callback.handler.class = null
	sasl.login.class = null
	sasl.login.refresh.buffer.seconds = 300
	sasl.login.refresh.min.period.seconds = 60
	sasl.login.refresh.window.factor = 0.8
	sasl.login.refresh.window.jitter = 0.05
	sasl.mechanism = GSSAPI
	security.protocol = PLAINTEXT
	send.buffer.bytes = 131072
	session.timeout.ms = 10000
	ssl.cipher.suites = null
	ssl.enabled.protocols = [TLSv1.2, TLSv1.1, TLSv1]
	ssl.endpoint.identification.algorithm = https
	ssl.key.password = null
	ssl.keymanager.algorithm = SunX509
	ssl.keystore.location = null
	ssl.keystore.password = null
	ssl.keystore.type = JKS
	ssl.protocol = TLS
	ssl.provider = null
	ssl.secure.random.implementation = null
	ssl.trustmanager.algorithm = PKIX
	ssl.truststore.location = null
	ssl.truststore.password = null
	ssl.truststore.type = JKS
	value.deserializer = class org.apache.kafka.common.serialization.ByteArrayDeserializer

2019-04-25 15:44:45.496 [ Thread-3 ] - [ INFO  ] [ org.apache.kafka.clients.consumer.ConsumerConfig : 279 ] - ConsumerConfig values: 
	auto.commit.interval.ms = 1000
	auto.offset.reset = latest
	bootstrap.servers = [192.168.179.128:9092]
	check.crcs = true
	client.id = 
	connections.max.idle.ms = 540000
	default.api.timeout.ms = 60000
	enable.auto.commit = true
	exclude.internal.topics = true
	fetch.max.bytes = 52428800
	fetch.max.wait.ms = 500
	fetch.min.bytes = 1
	group.id = test-consumer-group
	heartbeat.interval.ms = 3000
	interceptor.classes = []
	internal.leave.group.on.close = true
	isolation.level = read_uncommitted
	key.deserializer = class org.apache.kafka.common.serialization.StringDeserializer
	max.partition.fetch.bytes = 1048576
	max.poll.interval.ms = 300000
	max.poll.records = 500
	metadata.max.age.ms = 300000
	metric.reporters = []
	metrics.num.samples = 2
	metrics.recording.level = INFO
	metrics.sample.window.ms = 30000
	partition.assignment.strategy = [class org.apache.kafka.clients.consumer.RangeAssignor]
	receive.buffer.bytes = 65536
	reconnect.backoff.max.ms = 1000
	reconnect.backoff.ms = 50
	request.timeout.ms = 30000
	retry.backoff.ms = 100
	sasl.client.callback.handler.class = null
	sasl.jaas.config = null
	sasl.kerberos.kinit.cmd = /usr/bin/kinit
	sasl.kerberos.min.time.before.relogin = 60000
	sasl.kerberos.service.name = null
	sasl.kerberos.ticket.renew.jitter = 0.05
	sasl.kerberos.ticket.renew.window.factor = 0.8
	sasl.login.callback.handler.class = null
	sasl.login.class = null
	sasl.login.refresh.buffer.seconds = 300
	sasl.login.refresh.min.period.seconds = 60
	sasl.login.refresh.window.factor = 0.8
	sasl.login.refresh.window.jitter = 0.05
	sasl.mechanism = GSSAPI
	security.protocol = PLAINTEXT
	send.buffer.bytes = 131072
	session.timeout.ms = 10000
	ssl.cipher.suites = null
	ssl.enabled.protocols = [TLSv1.2, TLSv1.1, TLSv1]
	ssl.endpoint.identification.algorithm = https
	ssl.key.password = null
	ssl.keymanager.algorithm = SunX509
	ssl.keystore.location = null
	ssl.keystore.password = null
	ssl.keystore.type = JKS
	ssl.protocol = TLS
	ssl.provider = null
	ssl.secure.random.implementation = null
	ssl.trustmanager.algorithm = PKIX
	ssl.truststore.location = null
	ssl.truststore.password = null
	ssl.truststore.type = JKS
	value.deserializer = class org.apache.kafka.common.serialization.ByteArrayDeserializer

2019-04-25 15:44:45.497 [ main ] - [ INFO  ] [ org.apache.kafka.clients.producer.ProducerConfig : 279 ] - ProducerConfig values: 
	acks = all
	batch.size = 16384
	bootstrap.servers = [192.168.179.128:9092]
	buffer.memory = 33554432
	client.id = 
	compression.type = none
	connections.max.idle.ms = 540000
	enable.idempotence = false
	interceptor.classes = []
	key.serializer = class org.apache.kafka.common.serialization.StringSerializer
	linger.ms = 0
	max.block.ms = 60000
	max.in.flight.requests.per.connection = 5
	max.request.size = 1048576
	metadata.max.age.ms = 300000
	metric.reporters = []
	metrics.num.samples = 2
	metrics.recording.level = INFO
	metrics.sample.window.ms = 30000
	partitioner.class = class org.apache.kafka.clients.producer.internals.DefaultPartitioner
	receive.buffer.bytes = 32768
	reconnect.backoff.max.ms = 1000
	reconnect.backoff.ms = 50
	request.timeout.ms = 30000
	retries = 0
	retry.backoff.ms = 100
	sasl.client.callback.handler.class = null
	sasl.jaas.config = null
	sasl.kerberos.kinit.cmd = /usr/bin/kinit
	sasl.kerberos.min.time.before.relogin = 60000
	sasl.kerberos.service.name = null
	sasl.kerberos.ticket.renew.jitter = 0.05
	sasl.kerberos.ticket.renew.window.factor = 0.8
	sasl.login.callback.handler.class = null
	sasl.login.class = null
	sasl.login.refresh.buffer.seconds = 300
	sasl.login.refresh.min.period.seconds = 60
	sasl.login.refresh.window.factor = 0.8
	sasl.login.refresh.window.jitter = 0.05
	sasl.mechanism = GSSAPI
	security.protocol = PLAINTEXT
	send.buffer.bytes = 131072
	ssl.cipher.suites = null
	ssl.enabled.protocols = [TLSv1.2, TLSv1.1, TLSv1]
	ssl.endpoint.identification.algorithm = https
	ssl.key.password = null
	ssl.keymanager.algorithm = SunX509
	ssl.keystore.location = null
	ssl.keystore.password = null
	ssl.keystore.type = JKS
	ssl.protocol = TLS
	ssl.provider = null
	ssl.secure.random.implementation = null
	ssl.trustmanager.algorithm = PKIX
	ssl.truststore.location = null
	ssl.truststore.password = null
	ssl.truststore.type = JKS
	transaction.timeout.ms = 60000
	transactional.id = null
	value.serializer = class org.apache.kafka.common.serialization.ByteArraySerializer

2019-04-25 15:44:45.808 [ main ] - [ INFO  ] [ org.apache.kafka.common.utils.AppInfoParser : 109 ] - Kafka version : 2.0.1
2019-04-25 15:44:45.808 [ main ] - [ INFO  ] [ org.apache.kafka.common.utils.AppInfoParser : 110 ] - Kafka commitId : fa14705e51bd2ce5
2019-04-25 15:44:45.827 [ Thread-2 ] - [ INFO  ] [ org.apache.kafka.common.utils.AppInfoParser : 109 ] - Kafka version : 2.0.1
2019-04-25 15:44:45.828 [ Thread-2 ] - [ INFO  ] [ org.apache.kafka.common.utils.AppInfoParser : 110 ] - Kafka commitId : fa14705e51bd2ce5
2019-04-25 15:44:45.830 [ Thread-3 ] - [ INFO  ] [ org.apache.kafka.common.utils.AppInfoParser : 109 ] - Kafka version : 2.0.1
2019-04-25 15:44:45.831 [ Thread-3 ] - [ INFO  ] [ org.apache.kafka.common.utils.AppInfoParser : 110 ] - Kafka commitId : fa14705e51bd2ce5
2019-04-25 15:44:45.973 [ Thread-3 ] - [ INFO  ] [ org.apache.kafka.clients.Metadata : 285 ] - Cluster ID: 8O15UtmQSTqfX8_pKKppsg
2019-04-25 15:44:45.974 [ Thread-2 ] - [ INFO  ] [ org.apache.kafka.clients.Metadata : 285 ] - Cluster ID: 8O15UtmQSTqfX8_pKKppsg
2019-04-25 15:44:45.976 [ Thread-3 ] - [ INFO  ] [ o.a.k.c.consumer.internals.AbstractCoordinator : 677 ] - [Consumer clientId=consumer-2, groupId=test-consumer-group] Discovered group coordinator 192.168.179.128:9092 (id: 2147483647 rack: null)
2019-04-25 15:44:45.976 [ Thread-2 ] - [ INFO  ] [ o.a.k.c.consumer.internals.AbstractCoordinator : 677 ] - [Consumer clientId=consumer-1, groupId=test-consumer-group] Discovered group coordinator 192.168.179.128:9092 (id: 2147483647 rack: null)
2019-04-25 15:44:45.978 [ Thread-3 ] - [ INFO  ] [ o.a.k.c.consumer.internals.ConsumerCoordinator : 472 ] - [Consumer clientId=consumer-2, groupId=test-consumer-group] Revoking previously assigned partitions []
2019-04-25 15:44:45.978 [ Thread-2 ] - [ INFO  ] [ o.a.k.c.consumer.internals.ConsumerCoordinator : 472 ] - [Consumer clientId=consumer-1, groupId=test-consumer-group] Revoking previously assigned partitions []
2019-04-25 15:44:45.978 [ Thread-2 ] - [ INFO  ] [ o.a.k.c.consumer.internals.AbstractCoordinator : 509 ] - [Consumer clientId=consumer-1, groupId=test-consumer-group] (Re-)joining group
2019-04-25 15:44:45.978 [ Thread-3 ] - [ INFO  ] [ o.a.k.c.consumer.internals.AbstractCoordinator : 509 ] - [Consumer clientId=consumer-2, groupId=test-consumer-group] (Re-)joining group
2019-04-25 15:44:48.225 [ main ] - [ INFO  ] [ com.lzycompany.messagequeue.Test : 59 ] - Started Test in 5.701 seconds (JVM running for 7.251)
2019-04-25 15:45:37.647 [ main ] - [ INFO  ] [ com.lzycompany.messagequeue.Test : 50 ] - Starting Test on DESKTOP-2TI3SF3 with PID 15948 (started by lzy in E:\workSpace-idea\messagequeue)
2019-04-25 15:45:37.649 [ main ] - [ DEBUG ] [ com.lzycompany.messagequeue.Test : 53 ] - Running with Spring Boot v2.1.3.RELEASE, Spring v5.1.5.RELEASE
2019-04-25 15:45:37.650 [ main ] - [ INFO  ] [ com.lzycompany.messagequeue.Test : 675 ] - No active profile set, falling back to default profiles: default
2019-04-25 15:45:38.667 [ main ] - [ WARN  ] [ org.mybatis.spring.mapper.ClassPathMapperScanner : 44 ] - No MyBatis mapper was found in '[com.lzycompany.messagequeue]' package. Please check your configuration.
2019-04-25 15:45:39.505 [ main ] - [ INFO  ] [ c.l.m.server.consumer.impl.KafkaConsumerServer : 45 ] - ==================启动了kafka消费线程   111111  =============
2019-04-25 15:45:39.505 [ Thread-2 ] - [ INFO  ] [ c.l.m.server.consumer.KafkaConsumerRunner : 67 ] - =============启动了kafka消费线程=============
2019-04-25 15:45:39.505 [ main ] - [ INFO  ] [ c.l.m.server.consumer.impl.KafkaConsumerServer : 45 ] - ==================启动了kafka消费线程   111111  =============
2019-04-25 15:45:39.576 [ Thread-3 ] - [ INFO  ] [ c.l.m.server.consumer.KafkaConsumerRunner : 67 ] - =============启动了kafka消费线程=============
2019-04-25 15:45:39.587 [ Thread-2 ] - [ INFO  ] [ org.apache.kafka.clients.consumer.ConsumerConfig : 279 ] - ConsumerConfig values: 
	auto.commit.interval.ms = 1000
	auto.offset.reset = latest
	bootstrap.servers = [192.168.179.128:9092]
	check.crcs = true
	client.id = 
	connections.max.idle.ms = 540000
	default.api.timeout.ms = 60000
	enable.auto.commit = true
	exclude.internal.topics = true
	fetch.max.bytes = 52428800
	fetch.max.wait.ms = 500
	fetch.min.bytes = 1
	group.id = test-consumer-group
	heartbeat.interval.ms = 3000
	interceptor.classes = []
	internal.leave.group.on.close = true
	isolation.level = read_uncommitted
	key.deserializer = class org.apache.kafka.common.serialization.StringDeserializer
	max.partition.fetch.bytes = 1048576
	max.poll.interval.ms = 300000
	max.poll.records = 500
	metadata.max.age.ms = 300000
	metric.reporters = []
	metrics.num.samples = 2
	metrics.recording.level = INFO
	metrics.sample.window.ms = 30000
	partition.assignment.strategy = [class org.apache.kafka.clients.consumer.RangeAssignor]
	receive.buffer.bytes = 65536
	reconnect.backoff.max.ms = 1000
	reconnect.backoff.ms = 50
	request.timeout.ms = 30000
	retry.backoff.ms = 100
	sasl.client.callback.handler.class = null
	sasl.jaas.config = null
	sasl.kerberos.kinit.cmd = /usr/bin/kinit
	sasl.kerberos.min.time.before.relogin = 60000
	sasl.kerberos.service.name = null
	sasl.kerberos.ticket.renew.jitter = 0.05
	sasl.kerberos.ticket.renew.window.factor = 0.8
	sasl.login.callback.handler.class = null
	sasl.login.class = null
	sasl.login.refresh.buffer.seconds = 300
	sasl.login.refresh.min.period.seconds = 60
	sasl.login.refresh.window.factor = 0.8
	sasl.login.refresh.window.jitter = 0.05
	sasl.mechanism = GSSAPI
	security.protocol = PLAINTEXT
	send.buffer.bytes = 131072
	session.timeout.ms = 10000
	ssl.cipher.suites = null
	ssl.enabled.protocols = [TLSv1.2, TLSv1.1, TLSv1]
	ssl.endpoint.identification.algorithm = https
	ssl.key.password = null
	ssl.keymanager.algorithm = SunX509
	ssl.keystore.location = null
	ssl.keystore.password = null
	ssl.keystore.type = JKS
	ssl.protocol = TLS
	ssl.provider = null
	ssl.secure.random.implementation = null
	ssl.trustmanager.algorithm = PKIX
	ssl.truststore.location = null
	ssl.truststore.password = null
	ssl.truststore.type = JKS
	value.deserializer = class org.apache.kafka.common.serialization.ByteArrayDeserializer

2019-04-25 15:45:39.588 [ Thread-3 ] - [ INFO  ] [ org.apache.kafka.clients.consumer.ConsumerConfig : 279 ] - ConsumerConfig values: 
	auto.commit.interval.ms = 1000
	auto.offset.reset = latest
	bootstrap.servers = [192.168.179.128:9092]
	check.crcs = true
	client.id = 
	connections.max.idle.ms = 540000
	default.api.timeout.ms = 60000
	enable.auto.commit = true
	exclude.internal.topics = true
	fetch.max.bytes = 52428800
	fetch.max.wait.ms = 500
	fetch.min.bytes = 1
	group.id = test-consumer-group
	heartbeat.interval.ms = 3000
	interceptor.classes = []
	internal.leave.group.on.close = true
	isolation.level = read_uncommitted
	key.deserializer = class org.apache.kafka.common.serialization.StringDeserializer
	max.partition.fetch.bytes = 1048576
	max.poll.interval.ms = 300000
	max.poll.records = 500
	metadata.max.age.ms = 300000
	metric.reporters = []
	metrics.num.samples = 2
	metrics.recording.level = INFO
	metrics.sample.window.ms = 30000
	partition.assignment.strategy = [class org.apache.kafka.clients.consumer.RangeAssignor]
	receive.buffer.bytes = 65536
	reconnect.backoff.max.ms = 1000
	reconnect.backoff.ms = 50
	request.timeout.ms = 30000
	retry.backoff.ms = 100
	sasl.client.callback.handler.class = null
	sasl.jaas.config = null
	sasl.kerberos.kinit.cmd = /usr/bin/kinit
	sasl.kerberos.min.time.before.relogin = 60000
	sasl.kerberos.service.name = null
	sasl.kerberos.ticket.renew.jitter = 0.05
	sasl.kerberos.ticket.renew.window.factor = 0.8
	sasl.login.callback.handler.class = null
	sasl.login.class = null
	sasl.login.refresh.buffer.seconds = 300
	sasl.login.refresh.min.period.seconds = 60
	sasl.login.refresh.window.factor = 0.8
	sasl.login.refresh.window.jitter = 0.05
	sasl.mechanism = GSSAPI
	security.protocol = PLAINTEXT
	send.buffer.bytes = 131072
	session.timeout.ms = 10000
	ssl.cipher.suites = null
	ssl.enabled.protocols = [TLSv1.2, TLSv1.1, TLSv1]
	ssl.endpoint.identification.algorithm = https
	ssl.key.password = null
	ssl.keymanager.algorithm = SunX509
	ssl.keystore.location = null
	ssl.keystore.password = null
	ssl.keystore.type = JKS
	ssl.protocol = TLS
	ssl.provider = null
	ssl.secure.random.implementation = null
	ssl.trustmanager.algorithm = PKIX
	ssl.truststore.location = null
	ssl.truststore.password = null
	ssl.truststore.type = JKS
	value.deserializer = class org.apache.kafka.common.serialization.ByteArrayDeserializer

2019-04-25 15:45:39.589 [ main ] - [ INFO  ] [ org.apache.kafka.clients.producer.ProducerConfig : 279 ] - ProducerConfig values: 
	acks = all
	batch.size = 16384
	bootstrap.servers = [192.168.179.128:9092]
	buffer.memory = 33554432
	client.id = 
	compression.type = none
	connections.max.idle.ms = 540000
	enable.idempotence = false
	interceptor.classes = []
	key.serializer = class org.apache.kafka.common.serialization.StringSerializer
	linger.ms = 0
	max.block.ms = 60000
	max.in.flight.requests.per.connection = 5
	max.request.size = 1048576
	metadata.max.age.ms = 300000
	metric.reporters = []
	metrics.num.samples = 2
	metrics.recording.level = INFO
	metrics.sample.window.ms = 30000
	partitioner.class = class org.apache.kafka.clients.producer.internals.DefaultPartitioner
	receive.buffer.bytes = 32768
	reconnect.backoff.max.ms = 1000
	reconnect.backoff.ms = 50
	request.timeout.ms = 30000
	retries = 0
	retry.backoff.ms = 100
	sasl.client.callback.handler.class = null
	sasl.jaas.config = null
	sasl.kerberos.kinit.cmd = /usr/bin/kinit
	sasl.kerberos.min.time.before.relogin = 60000
	sasl.kerberos.service.name = null
	sasl.kerberos.ticket.renew.jitter = 0.05
	sasl.kerberos.ticket.renew.window.factor = 0.8
	sasl.login.callback.handler.class = null
	sasl.login.class = null
	sasl.login.refresh.buffer.seconds = 300
	sasl.login.refresh.min.period.seconds = 60
	sasl.login.refresh.window.factor = 0.8
	sasl.login.refresh.window.jitter = 0.05
	sasl.mechanism = GSSAPI
	security.protocol = PLAINTEXT
	send.buffer.bytes = 131072
	ssl.cipher.suites = null
	ssl.enabled.protocols = [TLSv1.2, TLSv1.1, TLSv1]
	ssl.endpoint.identification.algorithm = https
	ssl.key.password = null
	ssl.keymanager.algorithm = SunX509
	ssl.keystore.location = null
	ssl.keystore.password = null
	ssl.keystore.type = JKS
	ssl.protocol = TLS
	ssl.provider = null
	ssl.secure.random.implementation = null
	ssl.trustmanager.algorithm = PKIX
	ssl.truststore.location = null
	ssl.truststore.password = null
	ssl.truststore.type = JKS
	transaction.timeout.ms = 60000
	transactional.id = null
	value.serializer = class org.apache.kafka.common.serialization.ByteArraySerializer

2019-04-25 15:45:39.897 [ main ] - [ INFO  ] [ org.apache.kafka.common.utils.AppInfoParser : 109 ] - Kafka version : 2.0.1
2019-04-25 15:45:39.898 [ main ] - [ INFO  ] [ org.apache.kafka.common.utils.AppInfoParser : 110 ] - Kafka commitId : fa14705e51bd2ce5
2019-04-25 15:45:39.923 [ Thread-2 ] - [ INFO  ] [ org.apache.kafka.common.utils.AppInfoParser : 109 ] - Kafka version : 2.0.1
2019-04-25 15:45:39.923 [ Thread-2 ] - [ INFO  ] [ org.apache.kafka.common.utils.AppInfoParser : 110 ] - Kafka commitId : fa14705e51bd2ce5
2019-04-25 15:45:39.946 [ Thread-3 ] - [ INFO  ] [ org.apache.kafka.common.utils.AppInfoParser : 109 ] - Kafka version : 2.0.1
2019-04-25 15:45:39.947 [ Thread-3 ] - [ INFO  ] [ org.apache.kafka.common.utils.AppInfoParser : 110 ] - Kafka commitId : fa14705e51bd2ce5
2019-04-25 15:45:40.133 [ Thread-3 ] - [ INFO  ] [ org.apache.kafka.clients.Metadata : 285 ] - Cluster ID: 8O15UtmQSTqfX8_pKKppsg
2019-04-25 15:45:40.133 [ Thread-2 ] - [ INFO  ] [ org.apache.kafka.clients.Metadata : 285 ] - Cluster ID: 8O15UtmQSTqfX8_pKKppsg
2019-04-25 15:45:40.138 [ Thread-3 ] - [ INFO  ] [ o.a.k.c.consumer.internals.AbstractCoordinator : 677 ] - [Consumer clientId=consumer-2, groupId=test-consumer-group] Discovered group coordinator 192.168.179.128:9092 (id: 2147483647 rack: null)
2019-04-25 15:45:40.141 [ Thread-3 ] - [ INFO  ] [ o.a.k.c.consumer.internals.ConsumerCoordinator : 472 ] - [Consumer clientId=consumer-2, groupId=test-consumer-group] Revoking previously assigned partitions []
2019-04-25 15:45:40.141 [ Thread-3 ] - [ INFO  ] [ o.a.k.c.consumer.internals.AbstractCoordinator : 509 ] - [Consumer clientId=consumer-2, groupId=test-consumer-group] (Re-)joining group
2019-04-25 15:45:40.148 [ Thread-2 ] - [ INFO  ] [ o.a.k.c.consumer.internals.AbstractCoordinator : 677 ] - [Consumer clientId=consumer-1, groupId=test-consumer-group] Discovered group coordinator 192.168.179.128:9092 (id: 2147483647 rack: null)
2019-04-25 15:45:40.149 [ Thread-2 ] - [ INFO  ] [ o.a.k.c.consumer.internals.ConsumerCoordinator : 472 ] - [Consumer clientId=consumer-1, groupId=test-consumer-group] Revoking previously assigned partitions []
2019-04-25 15:45:40.150 [ Thread-2 ] - [ INFO  ] [ o.a.k.c.consumer.internals.AbstractCoordinator : 509 ] - [Consumer clientId=consumer-1, groupId=test-consumer-group] (Re-)joining group
2019-04-25 15:45:40.280 [ Thread-3 ] - [ INFO  ] [ o.a.k.c.consumer.internals.AbstractCoordinator : 473 ] - [Consumer clientId=consumer-2, groupId=test-consumer-group] Successfully joined group with generation 553
2019-04-25 15:45:40.281 [ Thread-3 ] - [ INFO  ] [ o.a.k.c.consumer.internals.ConsumerCoordinator : 280 ] - [Consumer clientId=consumer-2, groupId=test-consumer-group] Setting newly assigned partitions []
2019-04-25 15:45:40.285 [ Thread-2 ] - [ INFO  ] [ o.a.k.c.consumer.internals.AbstractCoordinator : 473 ] - [Consumer clientId=consumer-1, groupId=test-consumer-group] Successfully joined group with generation 553
2019-04-25 15:45:40.286 [ Thread-2 ] - [ INFO  ] [ o.a.k.c.consumer.internals.ConsumerCoordinator : 280 ] - [Consumer clientId=consumer-1, groupId=test-consumer-group] Setting newly assigned partitions [test0-0]
2019-04-25 15:45:42.376 [ main ] - [ INFO  ] [ com.lzycompany.messagequeue.Test : 59 ] - Started Test in 5.371 seconds (JVM running for 6.648)
2019-04-25 15:46:03.660 [ main ] - [ INFO  ] [ com.lzycompany.messagequeue.Test : 50 ] - Starting Test on DESKTOP-2TI3SF3 with PID 10024 (started by lzy in E:\workSpace-idea\messagequeue)
2019-04-25 15:46:03.663 [ main ] - [ DEBUG ] [ com.lzycompany.messagequeue.Test : 53 ] - Running with Spring Boot v2.1.3.RELEASE, Spring v5.1.5.RELEASE
2019-04-25 15:46:03.663 [ main ] - [ INFO  ] [ com.lzycompany.messagequeue.Test : 675 ] - No active profile set, falling back to default profiles: default
2019-04-25 15:46:04.723 [ main ] - [ WARN  ] [ org.mybatis.spring.mapper.ClassPathMapperScanner : 44 ] - No MyBatis mapper was found in '[com.lzycompany.messagequeue]' package. Please check your configuration.
2019-04-25 15:46:05.636 [ main ] - [ INFO  ] [ c.l.m.server.consumer.impl.KafkaConsumerServer : 45 ] - ==================启动了kafka消费线程   111111  =============
2019-04-25 15:46:05.637 [ main ] - [ INFO  ] [ c.l.m.server.consumer.impl.KafkaConsumerServer : 45 ] - ==================启动了kafka消费线程   111111  =============
2019-04-25 15:46:05.636 [ Thread-2 ] - [ INFO  ] [ c.l.m.server.consumer.KafkaConsumerRunner : 67 ] - =============启动了kafka消费线程=============
2019-04-25 15:46:05.652 [ Thread-3 ] - [ INFO  ] [ c.l.m.server.consumer.KafkaConsumerRunner : 67 ] - =============启动了kafka消费线程=============
2019-04-25 15:46:05.715 [ Thread-2 ] - [ INFO  ] [ org.apache.kafka.clients.consumer.ConsumerConfig : 279 ] - ConsumerConfig values: 
	auto.commit.interval.ms = 1000
	auto.offset.reset = latest
	bootstrap.servers = [192.168.179.128:9092]
	check.crcs = true
	client.id = 
	connections.max.idle.ms = 540000
	default.api.timeout.ms = 60000
	enable.auto.commit = true
	exclude.internal.topics = true
	fetch.max.bytes = 52428800
	fetch.max.wait.ms = 500
	fetch.min.bytes = 1
	group.id = test-consumer-group
	heartbeat.interval.ms = 3000
	interceptor.classes = []
	internal.leave.group.on.close = true
	isolation.level = read_uncommitted
	key.deserializer = class org.apache.kafka.common.serialization.StringDeserializer
	max.partition.fetch.bytes = 1048576
	max.poll.interval.ms = 300000
	max.poll.records = 500
	metadata.max.age.ms = 300000
	metric.reporters = []
	metrics.num.samples = 2
	metrics.recording.level = INFO
	metrics.sample.window.ms = 30000
	partition.assignment.strategy = [class org.apache.kafka.clients.consumer.RangeAssignor]
	receive.buffer.bytes = 65536
	reconnect.backoff.max.ms = 1000
	reconnect.backoff.ms = 50
	request.timeout.ms = 30000
	retry.backoff.ms = 100
	sasl.client.callback.handler.class = null
	sasl.jaas.config = null
	sasl.kerberos.kinit.cmd = /usr/bin/kinit
	sasl.kerberos.min.time.before.relogin = 60000
	sasl.kerberos.service.name = null
	sasl.kerberos.ticket.renew.jitter = 0.05
	sasl.kerberos.ticket.renew.window.factor = 0.8
	sasl.login.callback.handler.class = null
	sasl.login.class = null
	sasl.login.refresh.buffer.seconds = 300
	sasl.login.refresh.min.period.seconds = 60
	sasl.login.refresh.window.factor = 0.8
	sasl.login.refresh.window.jitter = 0.05
	sasl.mechanism = GSSAPI
	security.protocol = PLAINTEXT
	send.buffer.bytes = 131072
	session.timeout.ms = 10000
	ssl.cipher.suites = null
	ssl.enabled.protocols = [TLSv1.2, TLSv1.1, TLSv1]
	ssl.endpoint.identification.algorithm = https
	ssl.key.password = null
	ssl.keymanager.algorithm = SunX509
	ssl.keystore.location = null
	ssl.keystore.password = null
	ssl.keystore.type = JKS
	ssl.protocol = TLS
	ssl.provider = null
	ssl.secure.random.implementation = null
	ssl.trustmanager.algorithm = PKIX
	ssl.truststore.location = null
	ssl.truststore.password = null
	ssl.truststore.type = JKS
	value.deserializer = class org.apache.kafka.common.serialization.ByteArrayDeserializer

2019-04-25 15:46:05.717 [ Thread-3 ] - [ INFO  ] [ org.apache.kafka.clients.consumer.ConsumerConfig : 279 ] - ConsumerConfig values: 
	auto.commit.interval.ms = 1000
	auto.offset.reset = latest
	bootstrap.servers = [192.168.179.128:9092]
	check.crcs = true
	client.id = 
	connections.max.idle.ms = 540000
	default.api.timeout.ms = 60000
	enable.auto.commit = true
	exclude.internal.topics = true
	fetch.max.bytes = 52428800
	fetch.max.wait.ms = 500
	fetch.min.bytes = 1
	group.id = test-consumer-group
	heartbeat.interval.ms = 3000
	interceptor.classes = []
	internal.leave.group.on.close = true
	isolation.level = read_uncommitted
	key.deserializer = class org.apache.kafka.common.serialization.StringDeserializer
	max.partition.fetch.bytes = 1048576
	max.poll.interval.ms = 300000
	max.poll.records = 500
	metadata.max.age.ms = 300000
	metric.reporters = []
	metrics.num.samples = 2
	metrics.recording.level = INFO
	metrics.sample.window.ms = 30000
	partition.assignment.strategy = [class org.apache.kafka.clients.consumer.RangeAssignor]
	receive.buffer.bytes = 65536
	reconnect.backoff.max.ms = 1000
	reconnect.backoff.ms = 50
	request.timeout.ms = 30000
	retry.backoff.ms = 100
	sasl.client.callback.handler.class = null
	sasl.jaas.config = null
	sasl.kerberos.kinit.cmd = /usr/bin/kinit
	sasl.kerberos.min.time.before.relogin = 60000
	sasl.kerberos.service.name = null
	sasl.kerberos.ticket.renew.jitter = 0.05
	sasl.kerberos.ticket.renew.window.factor = 0.8
	sasl.login.callback.handler.class = null
	sasl.login.class = null
	sasl.login.refresh.buffer.seconds = 300
	sasl.login.refresh.min.period.seconds = 60
	sasl.login.refresh.window.factor = 0.8
	sasl.login.refresh.window.jitter = 0.05
	sasl.mechanism = GSSAPI
	security.protocol = PLAINTEXT
	send.buffer.bytes = 131072
	session.timeout.ms = 10000
	ssl.cipher.suites = null
	ssl.enabled.protocols = [TLSv1.2, TLSv1.1, TLSv1]
	ssl.endpoint.identification.algorithm = https
	ssl.key.password = null
	ssl.keymanager.algorithm = SunX509
	ssl.keystore.location = null
	ssl.keystore.password = null
	ssl.keystore.type = JKS
	ssl.protocol = TLS
	ssl.provider = null
	ssl.secure.random.implementation = null
	ssl.trustmanager.algorithm = PKIX
	ssl.truststore.location = null
	ssl.truststore.password = null
	ssl.truststore.type = JKS
	value.deserializer = class org.apache.kafka.common.serialization.ByteArrayDeserializer

2019-04-25 15:46:05.717 [ main ] - [ INFO  ] [ org.apache.kafka.clients.producer.ProducerConfig : 279 ] - ProducerConfig values: 
	acks = all
	batch.size = 16384
	bootstrap.servers = [192.168.179.128:9092]
	buffer.memory = 33554432
	client.id = 
	compression.type = none
	connections.max.idle.ms = 540000
	enable.idempotence = false
	interceptor.classes = []
	key.serializer = class org.apache.kafka.common.serialization.StringSerializer
	linger.ms = 0
	max.block.ms = 60000
	max.in.flight.requests.per.connection = 5
	max.request.size = 1048576
	metadata.max.age.ms = 300000
	metric.reporters = []
	metrics.num.samples = 2
	metrics.recording.level = INFO
	metrics.sample.window.ms = 30000
	partitioner.class = class org.apache.kafka.clients.producer.internals.DefaultPartitioner
	receive.buffer.bytes = 32768
	reconnect.backoff.max.ms = 1000
	reconnect.backoff.ms = 50
	request.timeout.ms = 30000
	retries = 0
	retry.backoff.ms = 100
	sasl.client.callback.handler.class = null
	sasl.jaas.config = null
	sasl.kerberos.kinit.cmd = /usr/bin/kinit
	sasl.kerberos.min.time.before.relogin = 60000
	sasl.kerberos.service.name = null
	sasl.kerberos.ticket.renew.jitter = 0.05
	sasl.kerberos.ticket.renew.window.factor = 0.8
	sasl.login.callback.handler.class = null
	sasl.login.class = null
	sasl.login.refresh.buffer.seconds = 300
	sasl.login.refresh.min.period.seconds = 60
	sasl.login.refresh.window.factor = 0.8
	sasl.login.refresh.window.jitter = 0.05
	sasl.mechanism = GSSAPI
	security.protocol = PLAINTEXT
	send.buffer.bytes = 131072
	ssl.cipher.suites = null
	ssl.enabled.protocols = [TLSv1.2, TLSv1.1, TLSv1]
	ssl.endpoint.identification.algorithm = https
	ssl.key.password = null
	ssl.keymanager.algorithm = SunX509
	ssl.keystore.location = null
	ssl.keystore.password = null
	ssl.keystore.type = JKS
	ssl.protocol = TLS
	ssl.provider = null
	ssl.secure.random.implementation = null
	ssl.trustmanager.algorithm = PKIX
	ssl.truststore.location = null
	ssl.truststore.password = null
	ssl.truststore.type = JKS
	transaction.timeout.ms = 60000
	transactional.id = null
	value.serializer = class org.apache.kafka.common.serialization.ByteArraySerializer

2019-04-25 15:46:06.297 [ main ] - [ INFO  ] [ org.apache.kafka.common.utils.AppInfoParser : 109 ] - Kafka version : 2.0.1
2019-04-25 15:46:06.297 [ main ] - [ INFO  ] [ org.apache.kafka.common.utils.AppInfoParser : 110 ] - Kafka commitId : fa14705e51bd2ce5
2019-04-25 15:46:06.345 [ Thread-2 ] - [ INFO  ] [ org.apache.kafka.common.utils.AppInfoParser : 109 ] - Kafka version : 2.0.1
2019-04-25 15:46:06.345 [ Thread-2 ] - [ INFO  ] [ org.apache.kafka.common.utils.AppInfoParser : 110 ] - Kafka commitId : fa14705e51bd2ce5
2019-04-25 15:46:06.352 [ Thread-3 ] - [ INFO  ] [ org.apache.kafka.common.utils.AppInfoParser : 109 ] - Kafka version : 2.0.1
2019-04-25 15:46:06.352 [ Thread-3 ] - [ INFO  ] [ org.apache.kafka.common.utils.AppInfoParser : 110 ] - Kafka commitId : fa14705e51bd2ce5
2019-04-25 15:46:10.056 [ main ] - [ INFO  ] [ com.lzycompany.messagequeue.Test : 59 ] - Started Test in 7.209 seconds (JVM running for 8.542)
2019-04-25 15:46:18.528 [ main ] - [ INFO  ] [ com.lzycompany.messagequeue.Test : 50 ] - Starting Test on DESKTOP-2TI3SF3 with PID 16324 (started by lzy in E:\workSpace-idea\messagequeue)
2019-04-25 15:46:18.530 [ main ] - [ DEBUG ] [ com.lzycompany.messagequeue.Test : 53 ] - Running with Spring Boot v2.1.3.RELEASE, Spring v5.1.5.RELEASE
2019-04-25 15:46:18.532 [ main ] - [ INFO  ] [ com.lzycompany.messagequeue.Test : 675 ] - No active profile set, falling back to default profiles: default
2019-04-25 15:46:19.927 [ main ] - [ WARN  ] [ org.mybatis.spring.mapper.ClassPathMapperScanner : 44 ] - No MyBatis mapper was found in '[com.lzycompany.messagequeue]' package. Please check your configuration.
2019-04-25 15:46:20.844 [ main ] - [ INFO  ] [ c.l.m.server.consumer.impl.KafkaConsumerServer : 45 ] - ==================启动了kafka消费线程   111111  =============
2019-04-25 15:46:20.844 [ Thread-2 ] - [ INFO  ] [ c.l.m.server.consumer.KafkaConsumerRunner : 67 ] - =============启动了kafka消费线程=============
2019-04-25 15:46:20.845 [ main ] - [ INFO  ] [ c.l.m.server.consumer.impl.KafkaConsumerServer : 45 ] - ==================启动了kafka消费线程   111111  =============
2019-04-25 15:46:20.848 [ Thread-3 ] - [ INFO  ] [ c.l.m.server.consumer.KafkaConsumerRunner : 67 ] - =============启动了kafka消费线程=============
2019-04-25 15:46:20.926 [ Thread-2 ] - [ INFO  ] [ org.apache.kafka.clients.consumer.ConsumerConfig : 279 ] - ConsumerConfig values: 
	auto.commit.interval.ms = 1000
	auto.offset.reset = latest
	bootstrap.servers = [192.168.179.128:9092]
	check.crcs = true
	client.id = 
	connections.max.idle.ms = 540000
	default.api.timeout.ms = 60000
	enable.auto.commit = true
	exclude.internal.topics = true
	fetch.max.bytes = 52428800
	fetch.max.wait.ms = 500
	fetch.min.bytes = 1
	group.id = test-consumer-group
	heartbeat.interval.ms = 3000
	interceptor.classes = []
	internal.leave.group.on.close = true
	isolation.level = read_uncommitted
	key.deserializer = class org.apache.kafka.common.serialization.StringDeserializer
	max.partition.fetch.bytes = 1048576
	max.poll.interval.ms = 300000
	max.poll.records = 500
	metadata.max.age.ms = 300000
	metric.reporters = []
	metrics.num.samples = 2
	metrics.recording.level = INFO
	metrics.sample.window.ms = 30000
	partition.assignment.strategy = [class org.apache.kafka.clients.consumer.RangeAssignor]
	receive.buffer.bytes = 65536
	reconnect.backoff.max.ms = 1000
	reconnect.backoff.ms = 50
	request.timeout.ms = 30000
	retry.backoff.ms = 100
	sasl.client.callback.handler.class = null
	sasl.jaas.config = null
	sasl.kerberos.kinit.cmd = /usr/bin/kinit
	sasl.kerberos.min.time.before.relogin = 60000
	sasl.kerberos.service.name = null
	sasl.kerberos.ticket.renew.jitter = 0.05
	sasl.kerberos.ticket.renew.window.factor = 0.8
	sasl.login.callback.handler.class = null
	sasl.login.class = null
	sasl.login.refresh.buffer.seconds = 300
	sasl.login.refresh.min.period.seconds = 60
	sasl.login.refresh.window.factor = 0.8
	sasl.login.refresh.window.jitter = 0.05
	sasl.mechanism = GSSAPI
	security.protocol = PLAINTEXT
	send.buffer.bytes = 131072
	session.timeout.ms = 10000
	ssl.cipher.suites = null
	ssl.enabled.protocols = [TLSv1.2, TLSv1.1, TLSv1]
	ssl.endpoint.identification.algorithm = https
	ssl.key.password = null
	ssl.keymanager.algorithm = SunX509
	ssl.keystore.location = null
	ssl.keystore.password = null
	ssl.keystore.type = JKS
	ssl.protocol = TLS
	ssl.provider = null
	ssl.secure.random.implementation = null
	ssl.trustmanager.algorithm = PKIX
	ssl.truststore.location = null
	ssl.truststore.password = null
	ssl.truststore.type = JKS
	value.deserializer = class org.apache.kafka.common.serialization.ByteArrayDeserializer

2019-04-25 15:46:20.926 [ main ] - [ INFO  ] [ org.apache.kafka.clients.producer.ProducerConfig : 279 ] - ProducerConfig values: 
	acks = all
	batch.size = 16384
	bootstrap.servers = [192.168.179.128:9092]
	buffer.memory = 33554432
	client.id = 
	compression.type = none
	connections.max.idle.ms = 540000
	enable.idempotence = false
	interceptor.classes = []
	key.serializer = class org.apache.kafka.common.serialization.StringSerializer
	linger.ms = 0
	max.block.ms = 60000
	max.in.flight.requests.per.connection = 5
	max.request.size = 1048576
	metadata.max.age.ms = 300000
	metric.reporters = []
	metrics.num.samples = 2
	metrics.recording.level = INFO
	metrics.sample.window.ms = 30000
	partitioner.class = class org.apache.kafka.clients.producer.internals.DefaultPartitioner
	receive.buffer.bytes = 32768
	reconnect.backoff.max.ms = 1000
	reconnect.backoff.ms = 50
	request.timeout.ms = 30000
	retries = 0
	retry.backoff.ms = 100
	sasl.client.callback.handler.class = null
	sasl.jaas.config = null
	sasl.kerberos.kinit.cmd = /usr/bin/kinit
	sasl.kerberos.min.time.before.relogin = 60000
	sasl.kerberos.service.name = null
	sasl.kerberos.ticket.renew.jitter = 0.05
	sasl.kerberos.ticket.renew.window.factor = 0.8
	sasl.login.callback.handler.class = null
	sasl.login.class = null
	sasl.login.refresh.buffer.seconds = 300
	sasl.login.refresh.min.period.seconds = 60
	sasl.login.refresh.window.factor = 0.8
	sasl.login.refresh.window.jitter = 0.05
	sasl.mechanism = GSSAPI
	security.protocol = PLAINTEXT
	send.buffer.bytes = 131072
	ssl.cipher.suites = null
	ssl.enabled.protocols = [TLSv1.2, TLSv1.1, TLSv1]
	ssl.endpoint.identification.algorithm = https
	ssl.key.password = null
	ssl.keymanager.algorithm = SunX509
	ssl.keystore.location = null
	ssl.keystore.password = null
	ssl.keystore.type = JKS
	ssl.protocol = TLS
	ssl.provider = null
	ssl.secure.random.implementation = null
	ssl.trustmanager.algorithm = PKIX
	ssl.truststore.location = null
	ssl.truststore.password = null
	ssl.truststore.type = JKS
	transaction.timeout.ms = 60000
	transactional.id = null
	value.serializer = class org.apache.kafka.common.serialization.ByteArraySerializer

2019-04-25 15:46:20.926 [ Thread-3 ] - [ INFO  ] [ org.apache.kafka.clients.consumer.ConsumerConfig : 279 ] - ConsumerConfig values: 
	auto.commit.interval.ms = 1000
	auto.offset.reset = latest
	bootstrap.servers = [192.168.179.128:9092]
	check.crcs = true
	client.id = 
	connections.max.idle.ms = 540000
	default.api.timeout.ms = 60000
	enable.auto.commit = true
	exclude.internal.topics = true
	fetch.max.bytes = 52428800
	fetch.max.wait.ms = 500
	fetch.min.bytes = 1
	group.id = test-consumer-group
	heartbeat.interval.ms = 3000
	interceptor.classes = []
	internal.leave.group.on.close = true
	isolation.level = read_uncommitted
	key.deserializer = class org.apache.kafka.common.serialization.StringDeserializer
	max.partition.fetch.bytes = 1048576
	max.poll.interval.ms = 300000
	max.poll.records = 500
	metadata.max.age.ms = 300000
	metric.reporters = []
	metrics.num.samples = 2
	metrics.recording.level = INFO
	metrics.sample.window.ms = 30000
	partition.assignment.strategy = [class org.apache.kafka.clients.consumer.RangeAssignor]
	receive.buffer.bytes = 65536
	reconnect.backoff.max.ms = 1000
	reconnect.backoff.ms = 50
	request.timeout.ms = 30000
	retry.backoff.ms = 100
	sasl.client.callback.handler.class = null
	sasl.jaas.config = null
	sasl.kerberos.kinit.cmd = /usr/bin/kinit
	sasl.kerberos.min.time.before.relogin = 60000
	sasl.kerberos.service.name = null
	sasl.kerberos.ticket.renew.jitter = 0.05
	sasl.kerberos.ticket.renew.window.factor = 0.8
	sasl.login.callback.handler.class = null
	sasl.login.class = null
	sasl.login.refresh.buffer.seconds = 300
	sasl.login.refresh.min.period.seconds = 60
	sasl.login.refresh.window.factor = 0.8
	sasl.login.refresh.window.jitter = 0.05
	sasl.mechanism = GSSAPI
	security.protocol = PLAINTEXT
	send.buffer.bytes = 131072
	session.timeout.ms = 10000
	ssl.cipher.suites = null
	ssl.enabled.protocols = [TLSv1.2, TLSv1.1, TLSv1]
	ssl.endpoint.identification.algorithm = https
	ssl.key.password = null
	ssl.keymanager.algorithm = SunX509
	ssl.keystore.location = null
	ssl.keystore.password = null
	ssl.keystore.type = JKS
	ssl.protocol = TLS
	ssl.provider = null
	ssl.secure.random.implementation = null
	ssl.trustmanager.algorithm = PKIX
	ssl.truststore.location = null
	ssl.truststore.password = null
	ssl.truststore.type = JKS
	value.deserializer = class org.apache.kafka.common.serialization.ByteArrayDeserializer

2019-04-25 15:46:21.271 [ main ] - [ INFO  ] [ org.apache.kafka.common.utils.AppInfoParser : 109 ] - Kafka version : 2.0.1
2019-04-25 15:46:21.271 [ main ] - [ INFO  ] [ org.apache.kafka.common.utils.AppInfoParser : 110 ] - Kafka commitId : fa14705e51bd2ce5
2019-04-25 15:46:21.311 [ Thread-3 ] - [ INFO  ] [ org.apache.kafka.common.utils.AppInfoParser : 109 ] - Kafka version : 2.0.1
2019-04-25 15:46:21.313 [ Thread-3 ] - [ INFO  ] [ org.apache.kafka.common.utils.AppInfoParser : 110 ] - Kafka commitId : fa14705e51bd2ce5
2019-04-25 15:46:21.316 [ Thread-2 ] - [ INFO  ] [ org.apache.kafka.common.utils.AppInfoParser : 109 ] - Kafka version : 2.0.1
2019-04-25 15:46:21.317 [ Thread-2 ] - [ INFO  ] [ org.apache.kafka.common.utils.AppInfoParser : 110 ] - Kafka commitId : fa14705e51bd2ce5
2019-04-25 15:46:21.472 [ Thread-2 ] - [ INFO  ] [ org.apache.kafka.clients.Metadata : 285 ] - Cluster ID: 8O15UtmQSTqfX8_pKKppsg
2019-04-25 15:46:21.472 [ Thread-3 ] - [ INFO  ] [ org.apache.kafka.clients.Metadata : 285 ] - Cluster ID: 8O15UtmQSTqfX8_pKKppsg
2019-04-25 15:46:21.475 [ Thread-2 ] - [ INFO  ] [ o.a.k.c.consumer.internals.AbstractCoordinator : 677 ] - [Consumer clientId=consumer-1, groupId=test-consumer-group] Discovered group coordinator 192.168.179.128:9092 (id: 2147483647 rack: null)
2019-04-25 15:46:21.475 [ Thread-3 ] - [ INFO  ] [ o.a.k.c.consumer.internals.AbstractCoordinator : 677 ] - [Consumer clientId=consumer-2, groupId=test-consumer-group] Discovered group coordinator 192.168.179.128:9092 (id: 2147483647 rack: null)
2019-04-25 15:46:21.478 [ Thread-3 ] - [ INFO  ] [ o.a.k.c.consumer.internals.ConsumerCoordinator : 472 ] - [Consumer clientId=consumer-2, groupId=test-consumer-group] Revoking previously assigned partitions []
2019-04-25 15:46:21.478 [ Thread-2 ] - [ INFO  ] [ o.a.k.c.consumer.internals.ConsumerCoordinator : 472 ] - [Consumer clientId=consumer-1, groupId=test-consumer-group] Revoking previously assigned partitions []
2019-04-25 15:46:21.478 [ Thread-2 ] - [ INFO  ] [ o.a.k.c.consumer.internals.AbstractCoordinator : 509 ] - [Consumer clientId=consumer-1, groupId=test-consumer-group] (Re-)joining group
2019-04-25 15:46:21.478 [ Thread-3 ] - [ INFO  ] [ o.a.k.c.consumer.internals.AbstractCoordinator : 509 ] - [Consumer clientId=consumer-2, groupId=test-consumer-group] (Re-)joining group
2019-04-25 15:46:21.503 [ Thread-2 ] - [ INFO  ] [ o.a.k.c.consumer.internals.AbstractCoordinator : 509 ] - [Consumer clientId=consumer-1, groupId=test-consumer-group] (Re-)joining group
2019-04-25 15:46:21.519 [ Thread-2 ] - [ INFO  ] [ o.a.k.c.consumer.internals.AbstractCoordinator : 473 ] - [Consumer clientId=consumer-1, groupId=test-consumer-group] Successfully joined group with generation 556
2019-04-25 15:46:21.519 [ Thread-3 ] - [ INFO  ] [ o.a.k.c.consumer.internals.AbstractCoordinator : 473 ] - [Consumer clientId=consumer-2, groupId=test-consumer-group] Successfully joined group with generation 556
2019-04-25 15:46:21.520 [ Thread-3 ] - [ INFO  ] [ o.a.k.c.consumer.internals.ConsumerCoordinator : 280 ] - [Consumer clientId=consumer-2, groupId=test-consumer-group] Setting newly assigned partitions []
2019-04-25 15:46:21.520 [ Thread-2 ] - [ INFO  ] [ o.a.k.c.consumer.internals.ConsumerCoordinator : 280 ] - [Consumer clientId=consumer-1, groupId=test-consumer-group] Setting newly assigned partitions [test0-0]
2019-04-25 15:46:23.820 [ main ] - [ INFO  ] [ com.lzycompany.messagequeue.Test : 59 ] - Started Test in 6.087 seconds (JVM running for 7.37)
